This is pdfTeX, Version 3.14159265-2.6-1.40.18 (TeX Live 2017) (preloaded format=pdflatex 2017.5.23)  18 APR 2018 11:09
entering extended mode
 restricted \write18 enabled.
 file:line:error style messages enabled.
 %&-line parsing enabled.
**module7exercises.tex
(./module7exercises.tex
LaTeX2e <2017-04-15>
Babel <3.10> and hyphenation patterns for 84 language(s) loaded.
(/usr/local/texlive/2017/texmf-dist/tex/latex/base/article.cls
Document Class: article 2014/09/29 v1.4h Standard LaTeX document class
(/usr/local/texlive/2017/texmf-dist/tex/latex/base/size10.clo
File: size10.clo 2014/09/29 v1.4h Standard LaTeX file (size option)
)
\c@part=\count79
\c@section=\count80
\c@subsection=\count81
\c@subsubsection=\count82
\c@paragraph=\count83
\c@subparagraph=\count84
\c@figure=\count85
\c@table=\count86
\abovecaptionskip=\skip41
\belowcaptionskip=\skip42
\bibindent=\dimen102
)
(/usr/local/texlive/2017/texmf-dist/tex/latex/amsmath/amsmath.sty
Package: amsmath 2016/11/05 v2.16a AMS math features
\@mathmargin=\skip43

For additional information on amsmath, use the `?' option.
(/usr/local/texlive/2017/texmf-dist/tex/latex/amsmath/amstext.sty
Package: amstext 2000/06/29 v2.01 AMS text

(/usr/local/texlive/2017/texmf-dist/tex/latex/amsmath/amsgen.sty
File: amsgen.sty 1999/11/30 v2.0 generic functions
\@emptytoks=\toks14
\ex@=\dimen103
))
(/usr/local/texlive/2017/texmf-dist/tex/latex/amsmath/amsbsy.sty
Package: amsbsy 1999/11/29 v1.2d Bold Symbols
\pmbraise@=\dimen104
)
(/usr/local/texlive/2017/texmf-dist/tex/latex/amsmath/amsopn.sty
Package: amsopn 2016/03/08 v2.02 operator names
)
\inf@bad=\count87
LaTeX Info: Redefining \frac on input line 213.
\uproot@=\count88
\leftroot@=\count89
LaTeX Info: Redefining \overline on input line 375.
\classnum@=\count90
\DOTSCASE@=\count91
LaTeX Info: Redefining \ldots on input line 472.
LaTeX Info: Redefining \dots on input line 475.
LaTeX Info: Redefining \cdots on input line 596.
\Mathstrutbox@=\box26
\strutbox@=\box27
\big@size=\dimen105
LaTeX Font Info:    Redeclaring font encoding OML on input line 712.
LaTeX Font Info:    Redeclaring font encoding OMS on input line 713.
\macc@depth=\count92
\c@MaxMatrixCols=\count93
\dotsspace@=\muskip10
\c@parentequation=\count94
\dspbrk@lvl=\count95
\tag@help=\toks15
\row@=\count96
\column@=\count97
\maxfields@=\count98
\andhelp@=\toks16
\eqnshift@=\dimen106
\alignsep@=\dimen107
\tagshift@=\dimen108
\tagwidth@=\dimen109
\totwidth@=\dimen110
\lineht@=\dimen111
\@envbody=\toks17
\multlinegap=\skip44
\multlinetaggap=\skip45
\mathdisplay@stack=\toks18
LaTeX Info: Redefining \[ on input line 2817.
LaTeX Info: Redefining \] on input line 2818.
)
(/usr/local/texlive/2017/texmf-dist/tex/latex/amsfonts/amssymb.sty
Package: amssymb 2013/01/14 v3.01 AMS font symbols

(/usr/local/texlive/2017/texmf-dist/tex/latex/amsfonts/amsfonts.sty
Package: amsfonts 2013/01/14 v3.01 Basic AMSFonts support
\symAMSa=\mathgroup4
\symAMSb=\mathgroup5
LaTeX Font Info:    Overwriting math alphabet `\mathfrak' in version `bold'
(Font)                  U/euf/m/n --> U/euf/b/n on input line 106.
))
(/usr/local/texlive/2017/texmf-dist/tex/latex/graphics/graphicx.sty
Package: graphicx 2014/10/28 v1.0g Enhanced LaTeX Graphics (DPC,SPQR)

(/usr/local/texlive/2017/texmf-dist/tex/latex/graphics/keyval.sty
Package: keyval 2014/10/28 v1.15 key=value parser (DPC)
\KV@toks@=\toks19
)
(/usr/local/texlive/2017/texmf-dist/tex/latex/graphics/graphics.sty
Package: graphics 2017/04/14 v1.1b Standard LaTeX Graphics (DPC,SPQR)

(/usr/local/texlive/2017/texmf-dist/tex/latex/graphics/trig.sty
Package: trig 2016/01/03 v1.10 sin cos tan (DPC)
)
(/usr/local/texlive/2017/texmf-dist/tex/latex/graphics-cfg/graphics.cfg
File: graphics.cfg 2016/06/04 v1.11 sample graphics configuration
)
Package graphics Info: Driver file: pdftex.def on input line 99.

(/usr/local/texlive/2017/texmf-dist/tex/latex/graphics-def/pdftex.def
File: pdftex.def 2017/01/12 v0.06k Graphics/color for pdfTeX

(/usr/local/texlive/2017/texmf-dist/tex/generic/oberdiek/infwarerr.sty
Package: infwarerr 2016/05/16 v1.4 Providing info/warning/error messages (HO)
)
(/usr/local/texlive/2017/texmf-dist/tex/generic/oberdiek/ltxcmds.sty
Package: ltxcmds 2016/05/16 v1.23 LaTeX kernel commands for general use (HO)
)
\Gread@gobject=\count99
))
\Gin@req@height=\dimen112
\Gin@req@width=\dimen113
)
(./module7exercises.aux)
\openout1 = `module7exercises.aux'.

LaTeX Font Info:    Checking defaults for OML/cmm/m/it on input line 12.
LaTeX Font Info:    ... okay on input line 12.
LaTeX Font Info:    Checking defaults for T1/cmr/m/n on input line 12.
LaTeX Font Info:    ... okay on input line 12.
LaTeX Font Info:    Checking defaults for OT1/cmr/m/n on input line 12.
LaTeX Font Info:    ... okay on input line 12.
LaTeX Font Info:    Checking defaults for OMS/cmsy/m/n on input line 12.
LaTeX Font Info:    ... okay on input line 12.
LaTeX Font Info:    Checking defaults for OMX/cmex/m/n on input line 12.
LaTeX Font Info:    ... okay on input line 12.
LaTeX Font Info:    Checking defaults for U/cmr/m/n on input line 12.
LaTeX Font Info:    ... okay on input line 12.

(/usr/local/texlive/2017/texmf-dist/tex/context/base/mkii/supp-pdf.mkii
[Loading MPS to PDF converter (version 2006.09.02).]
\scratchcounter=\count100
\scratchdimen=\dimen114
\scratchbox=\box28
\nofMPsegments=\count101
\nofMParguments=\count102
\everyMPshowfont=\toks20
\MPscratchCnt=\count103
\MPscratchDim=\dimen115
\MPnumerator=\count104
\makeMPintoPDFobject=\count105
\everyMPtoPDFconversion=\toks21
) (/usr/local/texlive/2017/texmf-dist/tex/generic/oberdiek/pdftexcmds.sty
Package: pdftexcmds 2017/03/19 v0.25 Utility functions of pdfTeX for LuaTeX (HO
)

(/usr/local/texlive/2017/texmf-dist/tex/generic/oberdiek/ifluatex.sty
Package: ifluatex 2016/05/16 v1.4 Provides the ifluatex switch (HO)
Package ifluatex Info: LuaTeX not detected.
)
(/usr/local/texlive/2017/texmf-dist/tex/generic/oberdiek/ifpdf.sty
Package: ifpdf 2017/03/15 v3.2 Provides the ifpdf switch
)
Package pdftexcmds Info: LuaTeX not detected.
Package pdftexcmds Info: \pdf@primitive is available.
Package pdftexcmds Info: \pdf@ifprimitive is available.
Package pdftexcmds Info: \pdfdraftmode found.
)
(/usr/local/texlive/2017/texmf-dist/tex/latex/oberdiek/epstopdf-base.sty
Package: epstopdf-base 2016/05/15 v2.6 Base part for package epstopdf

(/usr/local/texlive/2017/texmf-dist/tex/latex/oberdiek/grfext.sty
Package: grfext 2016/05/16 v1.2 Manage graphics extensions (HO)

(/usr/local/texlive/2017/texmf-dist/tex/generic/oberdiek/kvdefinekeys.sty
Package: kvdefinekeys 2016/05/16 v1.4 Define keys (HO)
))
(/usr/local/texlive/2017/texmf-dist/tex/latex/oberdiek/kvoptions.sty
Package: kvoptions 2016/05/16 v3.12 Key value format for package options (HO)

(/usr/local/texlive/2017/texmf-dist/tex/generic/oberdiek/kvsetkeys.sty
Package: kvsetkeys 2016/05/16 v1.17 Key value parser (HO)

(/usr/local/texlive/2017/texmf-dist/tex/generic/oberdiek/etexcmds.sty
Package: etexcmds 2016/05/16 v1.6 Avoid name clashes with e-TeX commands (HO)
Package etexcmds Info: Could not find \expanded.
(etexcmds)             That can mean that you are not using pdfTeX 1.50 or
(etexcmds)             that some package has redefined \expanded.
(etexcmds)             In the latter case, load this package earlier.
)))
Package epstopdf-base Info: Redefining graphics rule for `.eps' on input line 4
38.
Package grfext Info: Graphics extension search list:
(grfext)             [.png,.pdf,.jpg,.mps,.jpeg,.jbig2,.jb2,.PNG,.PDF,.JPG,.JPE
G,.JBIG2,.JB2,.eps]
(grfext)             \AppendGraphicsExtensions on input line 456.

(/usr/local/texlive/2017/texmf-dist/tex/latex/latexconfig/epstopdf-sys.cfg
File: epstopdf-sys.cfg 2010/07/13 v1.3 Configuration of (r)epstopdf for TeX Liv
e
))
LaTeX Font Info:    Try loading font information for U+msa on input line 13.

(/usr/local/texlive/2017/texmf-dist/tex/latex/amsfonts/umsa.fd
File: umsa.fd 2013/01/14 v3.01 AMS symbols A
)
LaTeX Font Info:    Try loading font information for U+msb on input line 13.

(/usr/local/texlive/2017/texmf-dist/tex/latex/amsfonts/umsb.fd
File: umsb.fd 2013/01/14 v3.01 AMS symbols B
)
<exercise1.png, id=1, 999.735pt x 793.96625pt>
File: exercise1.png Graphic file (type png)
 <use exercise1.png>
Package pdftex.def Info: exercise1.png used on input line 19.
(pdftex.def)             Requested size: 299.9228pt x 238.19171pt.

<exercise2_1.png, id=3, 998.73125pt x 797.98125pt>
File: exercise2_1.png Graphic file (type png)
 <use exercise2_1.png>
Package pdftex.def Info: exercise2_1.png used on input line 23.
(pdftex.def)             Requested size: 299.62169pt x 239.39621pt.

<exercise2_new_range.png, id=4, 871.255pt x 729.72626pt>
File: exercise2_new_range.png Graphic file (type png)

<use exercise2_new_range.png>
Package pdftex.def Info: exercise2_new_range.png used on input line 25.
(pdftex.def)             Requested size: 261.37851pt x 218.91957pt.
 [1

{/usr/local/texlive/2017/texmf-var/fonts/map/pdftex/updmap/pdftex.map} <./exerc
ise1.png>] [2 <./exercise2_1.png> <./exercise2_new_range.png>] <exercise5.png, 
id=21, 922.44624pt x 748.7975pt>
File: exercise5.png Graphic file (type png)

<use exercise5.png>
Package pdftex.def Info: exercise5.png used on input line 49.
(pdftex.def)             Requested size: 276.73601pt x 224.64098pt.

Underfull \hbox (badness 10000) in paragraph at lines 61--62

 []

[3 <./exercise5.png>]
Underfull \hbox (badness 10000) in paragraph at lines 84--88

 []

<module7_exercise13.png, id=30, 734.745pt x 719.68875pt>
File: module7_exercise13.png Graphic file (type png)

<use module7_exercise13.png>
Package pdftex.def Info: module7_exercise13.png used on input line 89.
(pdftex.def)             Requested size: 220.42519pt x 215.9083pt.

<module7_exercise15_a.png, id=31, 372.64218pt x 395.22656pt>
File: module7_exercise15_a.png Graphic file (type png)

<use module7_exercise15_a.png>
Package pdftex.def Info: module7_exercise15_a.png used on input line 97.
(pdftex.def)             Requested size: 149.05423pt x 158.08781pt.

<module7_exercise15_b.png, id=32, 375.65344pt x 419.31656pt>
File: module7_exercise15_b.png Graphic file (type png)

<use module7_exercise15_b.png>
Package pdftex.def Info: module7_exercise15_b.png used on input line 99.
(pdftex.def)             Requested size: 150.2587pt x 167.72365pt.
 [4 <./module7_exercise13.png>]
<module7_exercise16_a.png, id=38, 636.87938pt x 616.55344pt>
File: module7_exercise16_a.png Graphic file (type png)

<use module7_exercise16_a.png>
Package pdftex.def Info: module7_exercise16_a.png used on input line 103.
(pdftex.def)             Requested size: 254.74724pt x 246.617pt.

<module7_exercise16_b.png, id=39, 706.89093pt x 658.71094pt>
File: module7_exercise16_b.png Graphic file (type png)

<use module7_exercise16_b.png>
Package pdftex.def Info: module7_exercise16_b.png used on input line 105.
(pdftex.def)             Requested size: 282.75136pt x 263.4797pt.
 [5 <./module7_exercise15_a.png> <./module7_exercise15_b.png>] <module7_exercis
e17.png, id=45, 356.83313pt x 415.5525pt>
File: module7_exercise17.png Graphic file (type png)

<use module7_exercise17.png>
Package pdftex.def Info: module7_exercise17.png used on input line 109.
(pdftex.def)             Requested size: 142.73071pt x 166.21805pt.

<module7_exercise17_b.png, id=46, 359.09157pt x 425.33907pt>
File: module7_exercise17_b.png Graphic file (type png)

<use module7_exercise17_b.png>
Package pdftex.def Info: module7_exercise17_b.png used on input line 111.
(pdftex.def)             Requested size: 143.63408pt x 170.1326pt.
 [6 <./module7_exercise16_a.png> <./module7_exercise16_b.png>]
Overfull \hbox (10.5286pt too wide) in paragraph at lines 114--119
\OT1/cmr/m/n/10 meanX= 4.462, meanY= 4.575 varX= 5.846, varY= 6.505 co-vari-anc
e=49.260 
 []


Underfull \hbox (badness 10000) in paragraph at lines 114--119

 []

<module7_exercise19.png, id=52, 371.88937pt x 418.56375pt>
File: module7_exercise19.png Graphic file (type png)

<use module7_exercise19.png>
Package pdftex.def Info: module7_exercise19.png used on input line 122.
(pdftex.def)             Requested size: 185.94423pt x 209.28136pt.

Underfull \hbox (badness 10000) in paragraph at lines 122--133

 []

[7 <./module7_exercise17.png> <./module7_exercise17_b.png>]
<module7_exercise21.png, id=59, 347.04657pt x 399.74344pt>
File: module7_exercise21.png Graphic file (type png)

<use module7_exercise21.png>
Package pdftex.def Info: module7_exercise21.png used on input line 142.
(pdftex.def)             Requested size: 173.52286pt x 199.87122pt.

Underfull \hbox (badness 10000) in paragraph at lines 142--149

 []


Underfull \hbox (badness 10000) in paragraph at lines 142--149

 []


Underfull \hbox (badness 10000) in paragraph at lines 142--149

 []

[8 <./module7_exercise19.png>]
<module7_exercise22_a.png, id=64, 529.22719pt x 566.115pt>
File: module7_exercise22_a.png Graphic file (type png)

<use module7_exercise22_a.png>
Package pdftex.def Info: module7_exercise22_a.png used on input line 152.
(pdftex.def)             Requested size: 211.68712pt x 226.44199pt.

<module7_exercise22_b.png, id=65, 514.92375pt x 526.21594pt>
File: module7_exercise22_b.png Graphic file (type png)

<use module7_exercise22_b.png>
Package pdftex.def Info: module7_exercise22_b.png used on input line 154.
(pdftex.def)             Requested size: 205.96585pt x 210.48265pt.

Overfull \hbox (35.27177pt too wide) in paragraph at lines 151--157
[] \OT1/cmr/m/n/10 z dot v1 = -2.6645352591003757E-
 []

[9 <./module7_exercise21.png> <./module7_exercise22_a.png>]
LaTeX Font Info:    Try loading font information for OMS+cmr on input line 161.


(/usr/local/texlive/2017/texmf-dist/tex/latex/base/omscmr.fd
File: omscmr.fd 2014/09/29 v2.5h Standard LaTeX font definitions
)
LaTeX Font Info:    Font shape `OMS/cmr/m/n' in size <10> not available
(Font)              Font shape `OMS/cmsy/m/n' tried instead on input line 161.

<module7_exercise26.png, id=71, 350.05782pt x 375.65344pt>
File: module7_exercise26.png Graphic file (type png)

<use module7_exercise26.png>
Package pdftex.def Info: module7_exercise26.png used on input line 174.
(pdftex.def)             Requested size: 175.02847pt x 187.82625pt.
 [10 <./module7_exercise22_b.png> <./module7_exercise26.png>] <module7_exercise
27.png, id=78, 575.14874pt x 541.27219pt>
File: module7_exercise27.png Graphic file (type png)

<use module7_exercise27.png>
Package pdftex.def Info: module7_exercise27.png used on input line 182.
(pdftex.def)             Requested size: 230.05542pt x 216.50504pt.

<module7_exercise27_b.png, id=79, 575.14874pt x 489.32813pt>
File: module7_exercise27_b.png Graphic file (type png)

<use module7_exercise27_b.png>
Package pdftex.def Info: module7_exercise27_b.png used on input line 183.
(pdftex.def)             Requested size: 230.05542pt x 195.72777pt.
 [11 <./module7_exercise27.png> <./module7_exercise27_b.png>] (./module7exercis
es.aux) ) 
Here is how much of TeX's memory you used:
 2500 strings out of 492995
 34427 string characters out of 6132704
 94173 words of memory out of 5000000
 6003 multiletter control sequences out of 15000+600000
 11210 words of font info for 44 fonts, out of 8000000 for 9000
 1141 hyphenation exceptions out of 8191
 39i,8n,26p,364b,229s stack positions out of 5000i,500n,10000p,200000b,80000s
</usr/local/texlive/2017/texmf-dist/fonts/type1/public/amsfonts/cm/cmb
x10.pfb></usr/local/texlive/2017/texmf-dist/fonts/type1/public/amsfonts/cm/cmex
10.pfb></usr/local/texlive/2017/texmf-dist/fonts/type1/public/amsfonts/cm/cmmi1
0.pfb></usr/local/texlive/2017/texmf-dist/fonts/type1/public/amsfonts/cm/cmmi7.
pfb></usr/local/texlive/2017/texmf-dist/fonts/type1/public/amsfonts/cm/cmr10.pf
b></usr/local/texlive/2017/texmf-dist/fonts/type1/public/amsfonts/cm/cmr12.pfb>
</usr/local/texlive/2017/texmf-dist/fonts/type1/public/amsfonts/cm/cmr17.pfb></
usr/local/texlive/2017/texmf-dist/fonts/type1/public/amsfonts/cm/cmr5.pfb></usr
/local/texlive/2017/texmf-dist/fonts/type1/public/amsfonts/cm/cmr7.pfb></usr/lo
cal/texlive/2017/texmf-dist/fonts/type1/public/amsfonts/cm/cmsy10.pfb></usr/loc
al/texlive/2017/texmf-dist/fonts/type1/public/amsfonts/cm/cmsy7.pfb>
Output written on module7exercises.pdf (11 pages, 408458 bytes).
PDF statistics:
 121 PDF objects out of 1000 (max. 8388607)
 60 compressed objects within 1 object stream
 0 named destinations out of 1000 (max. 500000)
 91 words of extra memory for PDF output out of 10000 (max. 10000000)

